  Graph.cpp
c:\users\matthew\desktop\finalproject\finalyearproject\finalyearproject\finalyearproject\graph.cpp(41): warning C4018: '<': signed/unsigned mismatch
c:\users\matthew\desktop\finalproject\finalyearproject\finalyearproject\finalyearproject\graph.cpp(103): warning C4018: '<': signed/unsigned mismatch
c:\users\matthew\desktop\finalproject\finalyearproject\finalyearproject\finalyearproject\graph.cpp(112): warning C4018: '<': signed/unsigned mismatch
c:\users\matthew\desktop\finalproject\finalyearproject\finalyearproject\finalyearproject\graph.cpp(134): warning C4018: '<=': signed/unsigned mismatch
c:\users\matthew\desktop\finalproject\finalyearproject\finalyearproject\finalyearproject\graph.cpp(151): warning C4018: '<': signed/unsigned mismatch
c:\users\matthew\desktop\finalproject\finalyearproject\finalyearproject\finalyearproject\graph.cpp(165): warning C4018: '<': signed/unsigned mismatch
c:\users\matthew\desktop\finalproject\finalyearproject\finalyearproject\finalyearproject\graph.cpp(234): warning C4244: '=': conversion from 'double' to 'int', possible loss of data
c:\users\matthew\desktop\finalproject\finalyearproject\finalyearproject\finalyearproject\graph.cpp(235): warning C4244: '+=': conversion from 'double' to 'int', possible loss of data
c:\users\matthew\desktop\finalproject\finalyearproject\finalyearproject\finalyearproject\graph.cpp(242): warning C4018: '<': signed/unsigned mismatch
c:\users\matthew\desktop\finalproject\finalyearproject\finalyearproject\finalyearproject\graph.cpp(245): warning C4244: '=': conversion from 'float' to 'int', possible loss of data
c:\users\matthew\desktop\finalproject\finalyearproject\finalyearproject\finalyearproject\graph.cpp(366): warning C4018: '<': signed/unsigned mismatch
c:\users\matthew\desktop\finalproject\finalyearproject\finalyearproject\finalyearproject\graph.cpp(585): warning C4018: '<': signed/unsigned mismatch
c:\users\matthew\desktop\finalproject\finalyearproject\finalyearproject\finalyearproject\graph.cpp(597): warning C4018: '<': signed/unsigned mismatch
c:\users\matthew\desktop\finalproject\finalyearproject\finalyearproject\finalyearproject\graph.cpp(635): warning C4018: '<': signed/unsigned mismatch
c:\users\matthew\desktop\finalproject\finalyearproject\finalyearproject\finalyearproject\graph.cpp(644): warning C4018: '<': signed/unsigned mismatch
c:\users\matthew\desktop\finalproject\finalyearproject\finalyearproject\finalyearproject\graph.cpp(661): warning C4018: '<': signed/unsigned mismatch
c:\users\matthew\desktop\finalproject\finalyearproject\finalyearproject\finalyearproject\graph.cpp(678): warning C4018: '<': signed/unsigned mismatch
c:\users\matthew\desktop\finalproject\finalyearproject\finalyearproject\finalyearproject\graph.cpp(681): warning C4244: 'initializing': conversion from 'float' to 'int', possible loss of data
c:\users\matthew\desktop\finalproject\finalyearproject\finalyearproject\finalyearproject\graph.cpp(682): warning C4244: 'initializing': conversion from 'float' to 'int', possible loss of data
c:\users\matthew\desktop\finalproject\finalyearproject\finalyearproject\finalyearproject\graph.cpp(695): warning C4018: '<': signed/unsigned mismatch
c:\users\matthew\desktop\finalproject\finalyearproject\finalyearproject\finalyearproject\graph.cpp(698): warning C4244: 'initializing': conversion from 'float' to 'int', possible loss of data
c:\users\matthew\desktop\finalproject\finalyearproject\finalyearproject\finalyearproject\graph.cpp(699): warning C4244: 'initializing': conversion from 'float' to 'int', possible loss of data
c:\users\matthew\desktop\finalproject\finalyearproject\finalyearproject\finalyearproject\graph.cpp(711): warning C4018: '<': signed/unsigned mismatch
c:\users\matthew\desktop\finalproject\finalyearproject\finalyearproject\finalyearproject\graph.cpp(723): warning C4018: '<': signed/unsigned mismatch
c:\users\matthew\desktop\finalproject\finalyearproject\finalyearproject\finalyearproject\graph.cpp(746): warning C4018: '<': signed/unsigned mismatch
c:\users\matthew\desktop\finalproject\finalyearproject\finalyearproject\finalyearproject\graph.cpp(834): warning C4018: '<': signed/unsigned mismatch
c:\users\matthew\desktop\finalproject\finalyearproject\finalyearproject\finalyearproject\graph.cpp(838): warning C4018: '<': signed/unsigned mismatch
c:\users\matthew\desktop\finalproject\finalyearproject\finalyearproject\finalyearproject\graph.cpp(870): warning C4244: '=': conversion from 'float' to 'int', possible loss of data
c:\users\matthew\desktop\finalproject\finalyearproject\finalyearproject\finalyearproject\graph.cpp(876): warning C4018: '<': signed/unsigned mismatch
c:\users\matthew\desktop\finalproject\finalyearproject\finalyearproject\finalyearproject\graph.cpp(880): warning C4018: '<': signed/unsigned mismatch
c:\users\matthew\desktop\finalproject\finalyearproject\finalyearproject\finalyearproject\graph.cpp(885): warning C4244: '=': conversion from 'float' to 'int', possible loss of data
  FinalYearProject.vcxproj -> C:\Users\Matthew\Desktop\FinalProject\FinalYearProject\FinalYearProject\Debug\FinalYearProject.exe
